 ************************** Initing args for:  SD-CFR_NLTH_TEST   **************************
Creating Chief...
Creating LAs...
Creating Parameter Servers...
Created and initialized Workers
Setting stuff up...
Starting Training...
Iteration:  0
Exporting agent
Generating Data...
Training Advantage Net...
Pushing new net to chief...
Generating Data...
Training Advantage Net...
Pushing new net to chief...
Synchronizing...
Generating Data:  5.7772746086120605s.   ||  Trained ADV 12.69363284111023s.   ||  Synced ADV 4.804447412490845s. 

Iteration:  1
Generating Data...
Training Advantage Net...
Pushing new net to chief...
Generating Data...
Training Advantage Net...
Pushing new net to chief...
Synchronizing...
Generating Data:  6.083112955093384s.   ||  Trained ADV 12.848174571990967s.   ||  Synced ADV 4.4270339012146s. 

Iteration:  2
Generating Data...
Training Advantage Net...
Pushing new net to chief...
Generating Data...
Training Advantage Net...
Pushing new net to chief...
Synchronizing...
Generating Data:  5.9520487785339355s.   ||  Trained ADV 14.6711106300354s.   ||  Synced ADV 4.408494472503662s. 

Iteration:  3
Generating Data...
Training Advantage Net...
Pushing new net to chief...
Generating Data...
Training Advantage Net...
Pushing new net to chief...
Synchronizing...
Generating Data:  6.020550489425659s.   ||  Trained ADV 12.939164876937866s.   ||  Synced ADV 4.994086742401123s. 

Iteration:  4
Generating Data...
Training Advantage Net...
Pushing new net to chief...
Generating Data...
Training Advantage Net...
Pushing new net to chief...
Synchronizing...
Generating Data:  6.021074295043945s.   ||  Trained ADV 15.116681098937988s.   ||  Synced ADV 4.1272289752960205s. 

Iteration:  5
Generating Data...
Training Advantage Net...
Pushing new net to chief...
Generating Data...
Training Advantage Net...
Pushing new net to chief...
Synchronizing...
Generating Data:  6.0470685958862305s.   ||  Trained ADV 13.120406150817871s.   ||  Synced ADV 4.487773656845093s. 

Iteration:  6
Generating Data...
Training Advantage Net...
Pushing new net to chief...
Generating Data...
Training Advantage Net...
Pushing new net to chief...
Synchronizing...
Generating Data:  6.247415065765381s.   ||  Trained ADV 12.338859796524048s.   ||  Synced ADV 5.043008089065552s. 

Iteration:  7
Generating Data...
Training Advantage Net...
Pushing new net to chief...
Generating Data...
Training Advantage Net...
Pushing new net to chief...
Synchronizing...
Generating Data:  5.977272272109985s.   ||  Trained ADV 13.070617198944092s.   ||  Synced ADV 4.042801856994629s. 

Iteration:  8
Generating Data...
Training Advantage Net...
Pushing new net to chief...
Generating Data...
Training Advantage Net...
Pushing new net to chief...
Synchronizing...
Generating Data:  6.096153974533081s.   ||  Trained ADV 16.50204086303711s.   ||  Synced ADV 4.784264087677002s. 

Iteration:  9
Generating Data...
Training Advantage Net...
Pushing new net to chief...
Generating Data...
Training Advantage Net...
Pushing new net to chief...
Synchronizing...
Generating Data:  6.110296010971069s.   ||  Trained ADV 12.163008213043213s.   ||  Synced ADV 4.854379177093506s. 

Iteration:  10
Generating Data...
Training Advantage Net...
Pushing new net to chief...
Generating Data...
Training Advantage Net...
Pushing new net to chief...
Synchronizing...
Generating Data:  6.043891906738281s.   ||  Trained ADV 12.521647691726685s.   ||  Synced ADV 4.3117516040802s. 

Iteration:  11
Generating Data...
Training Advantage Net...
Pushing new net to chief...
Generating Data...
Training Advantage Net...
Pushing new net to chief...
Synchronizing...
Generating Data:  6.038713693618774s.   ||  Trained ADV 11.845577716827393s.   ||  Synced ADV 4.7323994636535645s. 

Iteration:  12
Generating Data...
Training Advantage Net...
Pushing new net to chief...
Generating Data...
Training Advantage Net...
Pushing new net to chief...
Synchronizing...
Generating Data:  6.114442348480225s.   ||  Trained ADV 13.996285200119019s.   ||  Synced ADV 4.715715408325195s. 

Iteration:  13
Generating Data...
Training Advantage Net...
Pushing new net to chief...
Generating Data...
Training Advantage Net...
Pushing new net to chief...
Synchronizing...
Generating Data:  6.115816116333008s.   ||  Trained ADV 15.1021249294281s.   ||  Synced ADV 4.7687225341796875s. 

Iteration:  14
Generating Data...
Training Advantage Net...
Pushing new net to chief...
Generating Data...
Training Advantage Net...
Pushing new net to chief...
Synchronizing...
Generating Data:  6.050846815109253s.   ||  Trained ADV 13.960662603378296s.   ||  Synced ADV 4.451610088348389s. 

Iteration:  15
Generating Data...
Training Advantage Net...
Pushing new net to chief...
Generating Data...
Training Advantage Net...
Pushing new net to chief...
Synchronizing...
Generating Data:  6.097193241119385s.   ||  Trained ADV 13.95988917350769s.   ||  Synced ADV 4.299237251281738s. 

Iteration:  16
Generating Data...
Training Advantage Net...
Pushing new net to chief...
Generating Data...
Training Advantage Net...
Pushing new net to chief...
Synchronizing...
Generating Data:  6.0442891120910645s.   ||  Trained ADV 13.944533824920654s.   ||  Synced ADV 4.913928747177124s. 

Iteration:  17
Generating Data...
Training Advantage Net...
Pushing new net to chief...
Generating Data...
Training Advantage Net...
Pushing new net to chief...
Synchronizing...
Generating Data:  6.1139304637908936s.   ||  Trained ADV 12.147968292236328s.   ||  Synced ADV 5.202931880950928s. 

Iteration:  18
Generating Data...
Training Advantage Net...
Pushing new net to chief...
Generating Data...
Training Advantage Net...
Pushing new net to chief...
Synchronizing...
Generating Data:  6.032577037811279s.   ||  Trained ADV 13.796034336090088s.   ||  Synced ADV 5.058217287063599s. 

Iteration:  19
Generating Data...
Training Advantage Net...
Pushing new net to chief...
Generating Data...
Training Advantage Net...
Pushing new net to chief...
Synchronizing...
Generating Data:  6.118784427642822s.   ||  Trained ADV 15.772584438323975s.   ||  Synced ADV 4.273676156997681s. 

Iteration:  20
Exporting agent
Generating Data...
Training Advantage Net...
Pushing new net to chief...
Generating Data...
Training Advantage Net...
Pushing new net to chief...
Synchronizing...
Generating Data:  5.877528429031372s.   ||  Trained ADV 12.886850595474243s.   ||  Synced ADV 4.275707960128784s. 

Iteration:  21
Generating Data...
Training Advantage Net...
Pushing new net to chief...
Generating Data...
Training Advantage Net...
Pushing new net to chief...
Synchronizing...
Generating Data:  6.0989625453948975s.   ||  Trained ADV 9.81961727142334s.   ||  Synced ADV 4.692108869552612s. 

Iteration:  22
Generating Data...
Training Advantage Net...
Pushing new net to chief...
Generating Data...
Training Advantage Net...
Pushing new net to chief...
Synchronizing...
Generating Data:  6.3474037647247314s.   ||  Trained ADV 10.748956680297852s.   ||  Synced ADV 4.0489466190338135s. 

Iteration:  23
Generating Data...
Training Advantage Net...
Pushing new net to chief...
Generating Data...
Training Advantage Net...
Pushing new net to chief...
Synchronizing...
Generating Data:  5.994257211685181s.   ||  Trained ADV 11.18956995010376s.   ||  Synced ADV 4.625571966171265s. 

Iteration:  24
Generating Data...
Training Advantage Net...
Pushing new net to chief...
Generating Data...
Training Advantage Net...
Pushing new net to chief...
Synchronizing...
Generating Data:  6.113146543502808s.   ||  Trained ADV 14.786449193954468s.   ||  Synced ADV 4.858417510986328s. 

Iteration:  25
Generating Data...
Training Advantage Net...
Pushing new net to chief...
Generating Data...
Training Advantage Net...
Pushing new net to chief...
Synchronizing...
Generating Data:  6.256116628646851s.   ||  Trained ADV 12.984680414199829s.   ||  Synced ADV 4.371497869491577s. 

Iteration:  26
Generating Data...
Training Advantage Net...
Pushing new net to chief...
Generating Data...
Training Advantage Net...
Pushing new net to chief...
Synchronizing...
Generating Data:  6.0376129150390625s.   ||  Trained ADV 12.045737028121948s.   ||  Synced ADV 3.973276376724243s. 

Iteration:  27
Generating Data...
Training Advantage Net...
Pushing new net to chief...
Generating Data...
Training Advantage Net...
Pushing new net to chief...
Synchronizing...
Generating Data:  6.098029851913452s.   ||  Trained ADV 14.12919807434082s.   ||  Synced ADV 4.244522333145142s. 

Iteration:  28
Generating Data...
Training Advantage Net...
Pushing new net to chief...
Generating Data...
Training Advantage Net...
Pushing new net to chief...
Synchronizing...
Generating Data:  6.040520191192627s.   ||  Trained ADV 11.219791173934937s.   ||  Synced ADV 4.344926357269287s. 

Iteration:  29
Generating Data...
Training Advantage Net...
Pushing new net to chief...
Generating Data...
Training Advantage Net...
Pushing new net to chief...
Synchronizing...
Generating Data:  6.053890705108643s.   ||  Trained ADV 10.511117219924927s.   ||  Synced ADV 4.7456746101379395s. 

Iteration:  30
Generating Data...
Training Advantage Net...
Pushing new net to chief...
Generating Data...
Training Advantage Net...
Pushing new net to chief...
Synchronizing...
Generating Data:  6.05138635635376s.   ||  Trained ADV 13.436229467391968s.   ||  Synced ADV 4.537258863449097s. 

Iteration:  31
Generating Data...
Training Advantage Net...
Pushing new net to chief...
Generating Data...
Training Advantage Net...
Pushing new net to chief...
Synchronizing...
Generating Data:  6.041049957275391s.   ||  Trained ADV 12.373133420944214s.   ||  Synced ADV 4.2778942584991455s. 

Iteration:  32
Generating Data...
Training Advantage Net...
Pushing new net to chief...
Generating Data...
Training Advantage Net...
Pushing new net to chief...
Synchronizing...
Generating Data:  6.058604955673218s.   ||  Trained ADV 12.873551845550537s.   ||  Synced ADV 4.907712697982788s. 

Iteration:  33
Generating Data...
Training Advantage Net...
Pushing new net to chief...
Generating Data...
Training Advantage Net...
Pushing new net to chief...
Synchronizing...
Generating Data:  6.115478038787842s.   ||  Trained ADV 13.376988410949707s.   ||  Synced ADV 4.57588267326355s. 

Iteration:  34
Generating Data...
Training Advantage Net...
Pushing new net to chief...
Generating Data...
Training Advantage Net...
Pushing new net to chief...
Synchronizing...
Generating Data:  6.3479931354522705s.   ||  Trained ADV 13.66048812866211s.   ||  Synced ADV 4.8223114013671875s. 

Iteration:  35
Generating Data...
Training Advantage Net...
Pushing new net to chief...
Generating Data...
Training Advantage Net...
Pushing new net to chief...
Synchronizing...
Generating Data:  6.06592059135437s.   ||  Trained ADV 10.937841653823853s.   ||  Synced ADV 4.968304395675659s. 

Iteration:  36
Generating Data...
Training Advantage Net...
Pushing new net to chief...
Generating Data...
Training Advantage Net...
Pushing new net to chief...
Synchronizing...
Generating Data:  5.976113319396973s.   ||  Trained ADV 13.03722858428955s.   ||  Synced ADV 4.288188457489014s. 

Iteration:  37
Generating Data...
Training Advantage Net...
Pushing new net to chief...
Generating Data...
Training Advantage Net...
Pushing new net to chief...
Synchronizing...
Generating Data:  6.142014503479004s.   ||  Trained ADV 12.058300256729126s.   ||  Synced ADV 4.714678764343262s. 

Iteration:  38
Generating Data...
Training Advantage Net...
Pushing new net to chief...
Generating Data...
Training Advantage Net...
Pushing new net to chief...
Synchronizing...
Generating Data:  5.967667818069458s.   ||  Trained ADV 12.890112161636353s.   ||  Synced ADV 5.481471061706543s. 

Iteration:  39
Generating Data...
Training Advantage Net...
Pushing new net to chief...
Generating Data...
Training Advantage Net...
Pushing new net to chief...
Synchronizing...
Generating Data:  6.1128318309783936s.   ||  Trained ADV 14.277843713760376s.   ||  Synced ADV 4.164892196655273s. 

Iteration:  40
Exporting agent
Generating Data...
Training Advantage Net...
Pushing new net to chief...
Generating Data...
Training Advantage Net...
Pushing new net to chief...
Synchronizing...
Generating Data:  5.78369402885437s.   ||  Trained ADV 10.338139772415161s.   ||  Synced ADV 4.637388467788696s. 

Iteration:  41
Generating Data...
Training Advantage Net...
Pushing new net to chief...
Generating Data...
Training Advantage Net...
Pushing new net to chief...
Synchronizing...
Generating Data:  6.128318548202515s.   ||  Trained ADV 14.013490438461304s.   ||  Synced ADV 4.436419248580933s. 

Iteration:  42
Generating Data...
Training Advantage Net...
Pushing new net to chief...
Generating Data...
Training Advantage Net...
Pushing new net to chief...
Synchronizing...
Generating Data:  6.096688985824585s.   ||  Trained ADV 10.974662780761719s.   ||  Synced ADV 4.769905090332031s. 

Iteration:  43
Generating Data...
Training Advantage Net...
Pushing new net to chief...
Generating Data...
Training Advantage Net...
Pushing new net to chief...
Synchronizing...
Generating Data:  6.178419351577759s.   ||  Trained ADV 11.803152799606323s.   ||  Synced ADV 4.04290771484375s. 

Iteration:  44
Generating Data...
Training Advantage Net...
Pushing new net to chief...
Generating Data...
Training Advantage Net...
Pushing new net to chief...
Synchronizing...
Generating Data:  5.9830851554870605s.   ||  Trained ADV 10.486586570739746s.   ||  Synced ADV 4.28147292137146s. 

Iteration:  45
Generating Data...
Training Advantage Net...
Pushing new net to chief...
Generating Data...
Training Advantage Net...
Pushing new net to chief...
Synchronizing...
Generating Data:  6.084060192108154s.   ||  Trained ADV 12.686078310012817s.   ||  Synced ADV 4.612327337265015s. 

Iteration:  46
Generating Data...
Training Advantage Net...
Pushing new net to chief...
Generating Data...
Training Advantage Net...
Pushing new net to chief...
Synchronizing...
Generating Data:  6.107038259506226s.   ||  Trained ADV 11.333767175674438s.   ||  Synced ADV 4.9082934856414795s. 

Iteration:  47
Generating Data...
Training Advantage Net...
Pushing new net to chief...
Generating Data...
Training Advantage Net...
Pushing new net to chief...
Synchronizing...
Generating Data:  5.9562296867370605s.   ||  Trained ADV 13.007010459899902s.   ||  Synced ADV 4.540750980377197s. 

Iteration:  48
Generating Data...
Training Advantage Net...
Pushing new net to chief...
Generating Data...
Training Advantage Net...
Pushing new net to chief...
Synchronizing...
Generating Data:  6.135797500610352s.   ||  Trained ADV 12.757744312286377s.   ||  Synced ADV 5.165049314498901s. 

Iteration:  49
Generating Data...
Training Advantage Net...
Pushing new net to chief...
Generating Data...
Training Advantage Net...
Pushing new net to chief...
Synchronizing...
Generating Data:  6.12035608291626s.   ||  Trained ADV 12.32858395576477s.   ||  Synced ADV 4.032329559326172s. 

Iteration:  50
Generating Data...
Training Advantage Net...
Pushing new net to chief...
Generating Data...
Training Advantage Net...
Pushing new net to chief...
Synchronizing...
Generating Data:  6.110002279281616s.   ||  Trained ADV 14.938597917556763s.   ||  Synced ADV 4.5546181201934814s. 

Iteration:  51
Generating Data...
Training Advantage Net...
Pushing new net to chief...
Generating Data...
Training Advantage Net...
Pushing new net to chief...
Synchronizing...
Generating Data:  6.355320692062378s.   ||  Trained ADV 14.767722368240356s.   ||  Synced ADV 4.020922660827637s. 

Iteration:  52
Generating Data...
Training Advantage Net...
Pushing new net to chief...
Generating Data...
Training Advantage Net...
Pushing new net to chief...
Synchronizing...
Generating Data:  6.050164222717285s.   ||  Trained ADV 12.757205486297607s.   ||  Synced ADV 4.0297605991363525s. 

Iteration:  53
Generating Data...
Training Advantage Net...
Pushing new net to chief...
Generating Data...
Training Advantage Net...
Pushing new net to chief...
Synchronizing...
Generating Data:  6.114826202392578s.   ||  Trained ADV 11.448240995407104s.   ||  Synced ADV 4.854555130004883s. 

Iteration:  54
Generating Data...
Training Advantage Net...
Pushing new net to chief...
Generating Data...
Training Advantage Net...
Pushing new net to chief...
Synchronizing...
Generating Data:  6.0407140254974365s.   ||  Trained ADV 13.449737548828125s.